<?xml version="1.0" encoding="UTF-8"?>
<testsuite name="com.sownly.nufli.EcosystemIntegrationTest" tests="1" skipped="0" failures="0" errors="0" timestamp="2026-09-20T20:41:07.372Z" hostname="fedora" time="1.809">
  <properties/>
  <testcase name="Phase 7 Cross-App Integration Verification: Shared Auth, Profile, Weight, and Cross-Domain Visibility" classname="com.sownly.nufli.EcosystemIntegrationTest" time="1.809"/>
  <system-out><![CDATA[17:41:00.681 [Test worker] INFO org.springframework.test.context.support.AnnotationConfigContextLoaderUtils -- Could not detect default configuration classes for test class [com.sownly.nufli.EcosystemIntegrationTest]: EcosystemIntegrationTest does not declare any static, non-private, non-final, nested classes annotated with @Configuration.
17:41:00.781 [Test worker] INFO org.springframework.boot.test.context.SpringBootTestContextBootstrapper -- Found @SpringBootConfiguration com.sownly.nufli.NuFliApplication for test class com.sownly.nufli.EcosystemIntegrationTest

  .   ____          _            __ _ _
 /\\ / ___'_ __ _ _(_)_ __  __ _ \ \ \ \
( ( )\___ | '_ | '_| | '_ \/ _` | \ \ \ \
 \\/  ___)| |_)| | | | | || (_| |  ) ) ) )
  '  |____| .__|_| |_|_| |_\__, | / / / /
 =========|_|==============|___/=/_/_/_/

 :: Spring Boot ::                (v3.4.3)

2026-09-20T17:41:01.098-03:00  INFO 21675 --- [nufli-backend] [    Test worker] c.sownly.nufli.EcosystemIntegrationTest  : Starting EcosystemIntegrationTest using Java 21.0.12 with PID 21675 (started by elchurro274 in /home/elchurro274/Faculty/Sownly/NuFli-bakcend)
2026-09-20T17:41:01.099-03:00 DEBUG 21675 --- [nufli-backend] [    Test worker] c.sownly.nufli.EcosystemIntegrationTest  : Running with Spring Boot v3.4.3, Spring v6.2.3
2026-09-20T17:41:01.099-03:00  INFO 21675 --- [nufli-backend] [    Test worker] c.sownly.nufli.EcosystemIntegrationTest  : The following 1 profile is active: "test"
2026-09-20T17:41:01.941-03:00  INFO 21675 --- [nufli-backend] [    Test worker] .s.d.r.c.RepositoryConfigurationDelegate : Bootstrapping Spring Data JPA repositories in DEFAULT mode.
2026-09-20T17:41:01.989-03:00  INFO 21675 --- [nufli-backend] [    Test worker] .s.d.r.c.RepositoryConfigurationDelegate : Finished Spring Data repository scanning in 42 ms. Found 12 JPA repository interfaces.
2026-09-20T17:41:02.574-03:00  INFO 21675 --- [nufli-backend] [    Test worker] o.hibernate.jpa.internal.util.LogHelper  : HHH000204: Processing PersistenceUnitInfo [name: default]
2026-09-20T17:41:02.601-03:00  INFO 21675 --- [nufli-backend] [    Test worker] org.hibernate.Version                    : HHH000412: Hibernate ORM core version 6.6.8.Final
2026-09-20T17:41:02.618-03:00  INFO 21675 --- [nufli-backend] [    Test worker] o.h.c.internal.RegionFactoryInitiator    : HHH000026: Second-level cache disabled
2026-09-20T17:41:02.782-03:00  INFO 21675 --- [nufli-backend] [    Test worker] o.s.o.j.p.SpringPersistenceUnitInfo      : No LoadTimeWeaver setup: ignoring JPA class transformer
2026-09-20T17:41:02.798-03:00  INFO 21675 --- [nufli-backend] [    Test worker] com.zaxxer.hikari.HikariDataSource       : HikariPool-1 - Starting...
2026-09-20T17:41:02.890-03:00  INFO 21675 --- [nufli-backend] [    Test worker] com.zaxxer.hikari.pool.HikariPool        : HikariPool-1 - Added connection conn0: url=jdbc:h2:mem:testdb user=SA
2026-09-20T17:41:02.892-03:00  INFO 21675 --- [nufli-backend] [    Test worker] com.zaxxer.hikari.HikariDataSource       : HikariPool-1 - Start completed.
2026-09-20T17:41:02.904-03:00  WARN 21675 --- [nufli-backend] [    Test worker] org.hibernate.orm.deprecation            : HHH90000025: H2Dialect does not need to be specified explicitly using 'hibernate.dialect' (remove the property setting and it will be selected by default)
2026-09-20T17:41:02.915-03:00  INFO 21675 --- [nufli-backend] [    Test worker] org.hibernate.orm.connections.pooling    : HHH10001005: Database info:
	Database JDBC URL [Connecting through datasource 'HikariDataSource (HikariPool-1)']
	Database driver: undefined/unknown
	Database version: 2.3.232
	Autocommit mode: undefined/unknown
	Isolation level: undefined/unknown
	Minimum pool size: undefined/unknown
	Maximum pool size: undefined/unknown
2026-09-20T17:41:03.651-03:00  INFO 21675 --- [nufli-backend] [    Test worker] o.h.e.t.j.p.i.JtaPlatformInitiator       : HHH000489: No JTA platform available (set 'hibernate.transaction.jta.platform' to enable JTA platform integration)
2026-09-20T17:41:03.697-03:00  INFO 21675 --- [nufli-backend] [    Test worker] j.LocalContainerEntityManagerFactoryBean : Initialized JPA EntityManagerFactory for persistence unit 'default'
2026-09-20T17:41:03.935-03:00  INFO 21675 --- [nufli-backend] [    Test worker] o.s.d.j.r.query.QueryEnhancerFactory     : Hibernate is in classpath; If applicable, HQL parser will be used.
2026-09-20T17:41:05.984-03:00  WARN 21675 --- [nufli-backend] [    Test worker] JpaBaseConfiguration$JpaWebConfiguration : spring.jpa.open-in-view is enabled by default. Therefore, database queries may be performed during view rendering. Explicitly configure spring.jpa.open-in-view to disable this warning
2026-09-20T17:41:06.014-03:00  WARN 21675 --- [nufli-backend] [    Test worker] .s.s.UserDetailsServiceAutoConfiguration : 

Using generated security password: 3b18644c-215f-4e91-9064-542e767a1392

This generated password is for development use only. Your security configuration must be updated before running your application in production.

2026-09-20T17:41:06.020-03:00  INFO 21675 --- [nufli-backend] [    Test worker] r$InitializeUserDetailsManagerConfigurer : Global AuthenticationManager configured with UserDetailsService bean with name inMemoryUserDetailsManager
2026-09-20T17:41:06.561-03:00  INFO 21675 --- [nufli-backend] [    Test worker] o.s.b.a.e.web.EndpointLinksResolver      : Exposing 1 endpoint beneath base path '/actuator'
2026-09-20T17:41:07.233-03:00 DEBUG 21675 --- [nufli-backend] [    Test worker] c.s.n.i.s.JwtAuthenticationFilter        : Filter 'jwtAuthenticationFilter' configured for use
2026-09-20T17:41:07.234-03:00  INFO 21675 --- [nufli-backend] [    Test worker] o.s.b.t.m.w.SpringBootMockServletContext : Initializing Spring TestDispatcherServlet ''
2026-09-20T17:41:07.234-03:00  INFO 21675 --- [nufli-backend] [    Test worker] o.s.t.web.servlet.TestDispatcherServlet  : Initializing Servlet ''
2026-09-20T17:41:07.236-03:00  INFO 21675 --- [nufli-backend] [    Test worker] o.s.t.web.servlet.TestDispatcherServlet  : Completed initialization in 2 ms
2026-09-20T17:41:07.306-03:00  INFO 21675 --- [nufli-backend] [    Test worker] c.sownly.nufli.EcosystemIntegrationTest  : Started EcosystemIntegrationTest in 6.418 seconds (process running for 7.213)
]]></system-out>
  <system-err><![CDATA[Mockito is currently self-attaching to enable the inline-mock-maker. This will no longer work in future releases of the JDK. Please add Mockito as an agent to your build what is described in Mockito's documentation: https://javadoc.io/doc/org.mockito/mockito-core/latest/org/mockito/Mockito.html#0.3
WARNING: A Java agent has been loaded dynamically (/home/elchurro274/.gradle/caches/modules-2/files-2.1/net.bytebuddy/byte-buddy-agent/1.15.11/a38b16385e867f59a641330f0362ebe742788ed8/byte-buddy-agent-1.15.11.jar)
WARNING: If a serviceability tool is in use, please run with -XX:+EnableDynamicAgentLoading to hide this warning
WARNING: If a serviceability tool is not in use, please run with -Djdk.instrument.traceUsage for more information
WARNING: Dynamic loading of agents will be disallowed by default in a future release
]]></system-err>
</testsuite>
