<?xml version="1.0" encoding="UTF-8"?>
<testsuite name="com.sownly.nufli.application.identity.AuthServiceTest" tests="2" skipped="0" failures="0" errors="0" timestamp="2026-09-20T20:41:10.525Z" hostname="fedora" time="0.51">
  <properties/>
  <testcase name="Register duplicate email throws BadRequestException" classname="com.sownly.nufli.application.identity.AuthServiceTest" time="0.497"/>
  <testcase name="Register new user successfully hashes password and returns tokens" classname="com.sownly.nufli.application.identity.AuthServiceTest" time="0.011"/>
  <system-out><![CDATA[]]></system-out>
  <system-err><![CDATA[]]></system-err>
</testsuite>
