<?xml version="1.0" encoding="UTF-8"?>
<testsuite name="com.sownly.nufli.domain.nutrition.NutritionCalculatorTest" tests="6" skipped="0" failures="0" errors="0" timestamp="2026-09-20T20:41:11.044Z" hostname="fedora" time="0.004">
  <properties/>
  <testcase name="Calculate BMR for Male using Mifflin-St Jeor" classname="com.sownly.nufli.domain.nutrition.NutritionCalculatorTest" time="0.0"/>
  <testcase name="Scale Nutrient for 200g of food with 165 kcal per 100g" classname="com.sownly.nufli.domain.nutrition.NutritionCalculatorTest" time="0.0"/>
  <testcase name="Calculate Target Calories with Bulk Goal (+300 kcal)" classname="com.sownly.nufli.domain.nutrition.NutritionCalculatorTest" time="0.0"/>
  <testcase name="Calculate BMR for Female using Mifflin-St Jeor" classname="com.sownly.nufli.domain.nutrition.NutritionCalculatorTest" time="0.001"/>
  <testcase name="Calculate TDEE for Moderately Active level (multiplier 1.55)" classname="com.sownly.nufli.domain.nutrition.NutritionCalculatorTest" time="0.0"/>
  <testcase name="Calculate Target Calories with Cut Goal (-500 kcal)" classname="com.sownly.nufli.domain.nutrition.NutritionCalculatorTest" time="0.0"/>
  <system-out><![CDATA[]]></system-out>
  <system-err><![CDATA[]]></system-err>
</testsuite>
