<?xml version="1.0" encoding="UTF-8"?>
<testsuite name="com.sownly.nufli.NuFliApplicationTests" tests="1" skipped="0" failures="0" errors="0" timestamp="2026-09-20T20:41:10.516Z" hostname="fedora" time="0.005">
  <properties/>
  <testcase name="contextLoads()" classname="com.sownly.nufli.NuFliApplicationTests" time="0.005"/>
  <system-out><![CDATA[2026-09-20T17:41:09.185-03:00  INFO 21675 --- [nufli-backend] [    Test worker] t.c.s.AnnotationConfigContextLoaderUtils : Could not detect default configuration classes for test class [com.sownly.nufli.NuFliApplicationTests]: NuFliApplicationTests does not declare any static, non-private, non-final, nested classes annotated with @Configuration.
2026-09-20T17:41:09.186-03:00  INFO 21675 --- [nufli-backend] [    Test worker] .b.t.c.SpringBootTestContextBootstrapper : Found @SpringBootConfiguration com.sownly.nufli.NuFliApplication for test class com.sownly.nufli.NuFliApplicationTests

  .   ____          _            __ _ _
 /\\ / ___'_ __ _ _(_)_ __  __ _ \ \ \ \
( ( )\___ | '_ | '_| | '_ \/ _` | \ \ \ \
 \\/  ___)| |_)| | | | | || (_| |  ) ) ) )
  '  |____| .__|_| |_|_| |_\__, | / / / /
 =========|_|==============|___/=/_/_/_/

 :: Spring Boot ::                (v3.4.3)

2026-09-20T17:41:09.210-03:00  INFO 21675 --- [nufli-backend] [    Test worker] com.sownly.nufli.NuFliApplicationTests   : Starting NuFliApplicationTests using Java 21.0.12 with PID 21675 (started by elchurro274 in /home/elchurro274/Faculty/Sownly/NuFli-bakcend)
2026-09-20T17:41:09.210-03:00 DEBUG 21675 --- [nufli-backend] [    Test worker] com.sownly.nufli.NuFliApplicationTests   : Running with Spring Boot v3.4.3, Spring v6.2.3
2026-09-20T17:41:09.210-03:00  INFO 21675 --- [nufli-backend] [    Test worker] com.sownly.nufli.NuFliApplicationTests   : The following 1 profile is active: "test"
2026-09-20T17:41:09.412-03:00  INFO 21675 --- [nufli-backend] [    Test worker] .s.d.r.c.RepositoryConfigurationDelegate : Bootstrapping Spring Data JPA repositories in DEFAULT mode.
2026-09-20T17:41:09.426-03:00  INFO 21675 --- [nufli-backend] [    Test worker] .s.d.r.c.RepositoryConfigurationDelegate : Finished Spring Data repository scanning in 12 ms. Found 12 JPA repository interfaces.
2026-09-20T17:41:09.555-03:00  INFO 21675 --- [nufli-backend] [    Test worker] o.hibernate.jpa.internal.util.LogHelper  : HHH000204: Processing PersistenceUnitInfo [name: default]
2026-09-20T17:41:09.557-03:00  INFO 21675 --- [nufli-backend] [    Test worker] o.h.c.internal.RegionFactoryInitiator    : HHH000026: Second-level cache disabled
2026-09-20T17:41:09.565-03:00  INFO 21675 --- [nufli-backend] [    Test worker] o.s.o.j.p.SpringPersistenceUnitInfo      : No LoadTimeWeaver setup: ignoring JPA class transformer
2026-09-20T17:41:09.565-03:00  INFO 21675 --- [nufli-backend] [    Test worker] com.zaxxer.hikari.HikariDataSource       : HikariPool-2 - Starting...
2026-09-20T17:41:09.566-03:00  INFO 21675 --- [nufli-backend] [    Test worker] com.zaxxer.hikari.pool.HikariPool        : HikariPool-2 - Added connection conn2: url=jdbc:h2:mem:testdb user=SA
2026-09-20T17:41:09.567-03:00  INFO 21675 --- [nufli-backend] [    Test worker] com.zaxxer.hikari.HikariDataSource       : HikariPool-2 - Start completed.
2026-09-20T17:41:09.567-03:00  WARN 21675 --- [nufli-backend] [    Test worker] org.hibernate.orm.deprecation            : HHH90000025: H2Dialect does not need to be specified explicitly using 'hibernate.dialect' (remove the property setting and it will be selected by default)
2026-09-20T17:41:09.568-03:00  INFO 21675 --- [nufli-backend] [    Test worker] org.hibernate.orm.connections.pooling    : HHH10001005: Database info:
	Database JDBC URL [Connecting through datasource 'HikariDataSource (HikariPool-2)']
	Database driver: undefined/unknown
	Database version: 2.3.232
	Autocommit mode: undefined/unknown
	Isolation level: undefined/unknown
	Minimum pool size: undefined/unknown
	Maximum pool size: undefined/unknown
2026-09-20T17:41:09.775-03:00  INFO 21675 --- [nufli-backend] [    Test worker] o.h.e.t.j.p.i.JtaPlatformInitiator       : HHH000489: No JTA platform available (set 'hibernate.transaction.jta.platform' to enable JTA platform integration)
2026-09-20T17:41:09.802-03:00  INFO 21675 --- [nufli-backend] [    Test worker] j.LocalContainerEntityManagerFactoryBean : Initialized JPA EntityManagerFactory for persistence unit 'default'
2026-09-20T17:41:10.077-03:00  WARN 21675 --- [nufli-backend] [    Test worker] JpaBaseConfiguration$JpaWebConfiguration : spring.jpa.open-in-view is enabled by default. Therefore, database queries may be performed during view rendering. Explicitly configure spring.jpa.open-in-view to disable this warning
2026-09-20T17:41:10.091-03:00  WARN 21675 --- [nufli-backend] [    Test worker] .s.s.UserDetailsServiceAutoConfiguration : 

Using generated security password: 8e9f2bcf-f9dd-4f7c-b5e6-894a621fa38c

This generated password is for development use only. Your security configuration must be updated before running your application in production.

2026-09-20T17:41:10.093-03:00  INFO 21675 --- [nufli-backend] [    Test worker] r$InitializeUserDetailsManagerConfigurer : Global AuthenticationManager configured with UserDetailsService bean with name inMemoryUserDetailsManager
2026-09-20T17:41:10.260-03:00  INFO 21675 --- [nufli-backend] [    Test worker] o.s.b.a.e.web.EndpointLinksResolver      : Exposing 1 endpoint beneath base path '/actuator'
2026-09-20T17:41:10.514-03:00  INFO 21675 --- [nufli-backend] [    Test worker] com.sownly.nufli.NuFliApplicationTests   : Started NuFliApplicationTests in 1.325 seconds (process running for 10.421)
]]></system-out>
  <system-err><![CDATA[]]></system-err>
</testsuite>
